2022-08-03 13:56:27,302:INFO:0 + 3 = 3
2022-08-03 13:56:27,302:INFO:0 - 3 = 3
2022-08-03 13:56:27,302:ERROR:Tried to divide by zero
2022-08-03 13:56:27,302:ERROR:Tried to divide by zero
2022-08-03 13:59:19,058:INFO:3 + 0 = 3
2022-08-03 13:59:19,058:INFO:3 - 0 = 3
2022-08-03 13:59:19,058:INFO:3 * 0 = 0
2022-08-03 13:59:29,335:INFO:3 + 0 = 3
2022-08-03 13:59:29,335:INFO:3 - 0 = 3
2022-08-03 13:59:29,335:INFO:3 * 0 = 0
2022-08-03 13:59:29,335:INFO:3 / 0 = x/y
2022-08-03 14:02:05,085:INFO:3 + 0 = 3
2022-08-03 14:02:05,085:INFO:3 - 0 = 3
2022-08-03 14:02:05,085:INFO:3 * 0 = 0
2022-08-03 14:04:49,229:INFO:3 + 0 = 3
2022-08-03 14:04:49,229:INFO:3 - 0 = 3
2022-08-03 14:04:49,229:INFO:3 * 0 = 0
2022-08-03 14:04:55,686:INFO:3 + 0 = 3
2022-08-03 14:04:55,686:INFO:3 - 0 = 3
2022-08-03 14:04:55,686:INFO:3 * 0 = 0
2022-08-03 14:04:55,686:ERROR:Tried to divide by zero
